<?xml version="1.0" encoding="UTF-8"?>
<testng-results skipped="0" failed="0" total="1" passed="1">
  <reporter-output>
  </reporter-output>
  <suite name="Default suite" duration-ms="14681" started-at="2020-09-26T09:53:18Z" finished-at="2020-09-26T09:53:33Z">
    <groups>
    </groups>
    <test name="Default test" duration-ms="14681" started-at="2020-09-26T09:53:18Z" finished-at="2020-09-26T09:53:33Z">
      <class name="com.acti.base.DriverScript">
        <test-method status="PASS" signature="initBrowser()[pri:0, instance:com.acti.base.DriverScript@1fbc7afb]" name="initBrowser" duration-ms="14632" started-at="2020-09-26T02:53:18Z" finished-at="2020-09-26T02:53:33Z">
          <reporter-output>
          </reporter-output>
        </test-method> <!-- initBrowser -->
      </class> <!-- com.acti.base.DriverScript -->
    </test> <!-- Default test -->
  </suite> <!-- Default suite -->
</testng-results>
